<?xml version="1.0" encoding="UTF-8"?>
<!-- Generated by org.testng.reporters.JUnitReportReporter -->
<testsuite skipped="0" hostname="SDN-93" name="AdministrativeNotes" tests="1" failures="0" timestamp="18 Nov 2019 11:43:08 GMT" time="83.429" errors="0">
  <testcase name="verifyAdministrativeNotes" time="83.429" classname="AdministrativeNotes"/>
</testsuite> <!-- AdministrativeNotes -->
