<?xml version="1.0" encoding="UTF-8"?>
<!-- Generated by org.testng.reporters.JUnitReportReporter -->
<testsuite skipped="0" hostname="SDN-93" name="LoginToUserWithValidData" tests="2" failures="0" timestamp="18 Nov 2019 11:43:08 GMT" time="16.803" errors="0">
  <testcase name="loginWithInvalidUser" time="5.360" classname="LoginToUserWithValidData"/>
  <testcase name="loginToCignpostCRM" time="11.443" classname="LoginToUserWithValidData"/>
</testsuite> <!-- LoginToUserWithValidData -->
